This file contains any messages produced by compilers while
running configure, to aid debugging if configure makes a mistake.

It was created by libraw1394 configure 2.0.5, which was
generated by GNU Autoconf 2.64.  Invocation command line was

  $ configure 

## --------- ##
## Platform. ##
## --------- ##

hostname = FelixScllersMBP.fritz.box
uname -m = x86_64
uname -r = 15.6.0
uname -s = Darwin
uname -v = Darwin Kernel Version 15.6.0: Thu Jun 23 18:25:34 PDT 2016; root:xnu-3248.60.10~1/RELEASE_X86_64

/usr/bin/uname -p = i386
/bin/uname -X     = unknown

/bin/arch              = unknown
/usr/bin/arch -k       = unknown
/usr/convex/getsysinfo = unknown
/usr/bin/hostinfo      = Mach kernel version:
	 Darwin Kernel Version 15.6.0: Thu Jun 23 18:25:34 PDT 2016; root:xnu-3248.60.10~1/RELEASE_X86_64
Kernel configured for up to 8 processors.
4 processors are physically available.
8 processors are logically available.
Processor type: i486 (Intel 80486)
Processors active: 0 1 2 3 4 5 6 7
Primary memory available: 16.00 gigabytes
Default processor set: 404 tasks, 2038 threads, 8 processors
Load average: 2.83, Mach factor: 5.16
/bin/machine           = unknown
/usr/bin/oslevel       = unknown
/bin/universe          = unknown

PATH: /Library/Frameworks/Python.framework/Versions/3.5/bin
PATH: /Library/Frameworks/Houdini.framework/Versions/15.0.274/Resources/bin
PATH: /Library/Frameworks/Houdini.framework/Versions/15.0.274/Resources/houdini/sbin
PATH: /usr/local/bin
PATH: /usr/bin
PATH: /bin
PATH: /usr/sbin
PATH: /sbin
PATH: /opt/X11/bin
PATH: /usr/local/git/bin
PATH: /usr/texbin


## ----------- ##
## Core tests. ##
## ----------- ##

configure:2524: checking for a BSD-compatible install
configure:2592: result: /usr/local/bin/ginstall -c
configure:2603: checking whether build environment is sane
configure:2640: result: yes
configure:2665: checking for a thread-safe mkdir -p
configure:2704: result: /usr/local/bin/gmkdir -p
configure:2717: checking for gawk
configure:2747: result: no
configure:2717: checking for mawk
configure:2747: result: no
configure:2717: checking for nawk
configure:2747: result: no
configure:2717: checking for awk
configure:2733: found /usr/bin/awk
configure:2744: result: awk
configure:2755: checking whether make sets $(MAKE)
configure:2777: result: yes
configure:3008: checking for gcc
configure:3024: found /usr/bin/gcc
configure:3035: result: gcc
configure:3264: checking for C compiler version
configure:3273: gcc --version >&5
Apple LLVM version 8.0.0 (clang-800.0.38)
Target: x86_64-apple-darwin15.6.0
Thread model: posix
InstalledDir: /Applications/Xcode.app/Contents/Developer/Toolchains/XcodeDefault.xctoolchain/usr/bin
Configured with: --prefix=/Applications/Xcode.app/Contents/Developer/usr --with-gxx-include-dir=/usr/include/c++/4.2.1
configure:3284: $? = 0
configure:3273: gcc -v >&5
Configured with: --prefix=/Applications/Xcode.app/Contents/Developer/usr --with-gxx-include-dir=/usr/include/c++/4.2.1
Apple LLVM version 8.0.0 (clang-800.0.38)
Target: x86_64-apple-darwin15.6.0
Thread model: posix
InstalledDir: /Applications/Xcode.app/Contents/Developer/Toolchains/XcodeDefault.xctoolchain/usr/bin
configure:3284: $? = 0
configure:3273: gcc -V >&5
clang: error: argument to '-V' is missing (expected 1 value)
clang: error: no input files
configure:3284: $? = 1
configure:3273: gcc -qversion >&5
clang: error: unknown argument: '-qversion'
clang: error: no input files
configure:3284: $? = 1
configure:3306: checking for C compiler default output file name
configure:3328: gcc    conftest.c  >&5
configure:3332: $? = 0
configure:3369: result: a.out
configure:3385: checking whether the C compiler works
configure:3394: ./a.out
configure:3398: $? = 0
configure:3413: result: yes
configure:3420: checking whether we are cross compiling
configure:3422: result: no
configure:3425: checking for suffix of executables
configure:3432: gcc -o conftest    conftest.c  >&5
configure:3436: $? = 0
configure:3458: result: 
configure:3464: checking for suffix of object files
configure:3486: gcc -c   conftest.c >&5
configure:3490: $? = 0
configure:3511: result: o
configure:3515: checking whether we are using the GNU C compiler
configure:3534: gcc -c   conftest.c >&5
configure:3534: $? = 0
configure:3543: result: yes
configure:3552: checking whether gcc accepts -g
configure:3572: gcc -c -g  conftest.c >&5
configure:3572: $? = 0
configure:3613: result: yes
configure:3630: checking for gcc option to accept ISO C89
configure:3694: gcc  -c -g -O2  conftest.c >&5
configure:3694: $? = 0
configure:3707: result: none needed
configure:3738: checking for style of include used by make
configure:3766: result: GNU
configure:3791: checking dependency style of gcc
configure:3882: result: gcc3
configure:3926: checking build system type
configure:3940: result: i386-apple-darwin15.6.0
configure:3960: checking host system type
configure:3973: result: i386-apple-darwin15.6.0
configure:3993: checking for a sed that does not truncate output
configure:4057: result: /usr/bin/sed
configure:4075: checking for grep that handles long lines and -e
configure:4133: result: /usr/bin/grep
configure:4138: checking for egrep
configure:4200: result: /usr/bin/grep -E
configure:4205: checking for fgrep
configure:4267: result: /usr/bin/grep -F
configure:4302: checking for ld used by gcc
configure:4369: result: /Applications/Xcode.app/Contents/Developer/Toolchains/XcodeDefault.xctoolchain/usr/bin/ld
configure:4376: checking if the linker (/Applications/Xcode.app/Contents/Developer/Toolchains/XcodeDefault.xctoolchain/usr/bin/ld) is GNU ld
configure:4391: result: no
configure:4403: checking for BSD- or MS-compatible name lister (nm)
configure:4452: result: /usr/bin/nm -B
configure:4570: checking the name lister (/usr/bin/nm -B) interface
configure:4577: gcc -c -g -O2  conftest.c >&5
configure:4580: /usr/bin/nm -B "conftest.o"
configure:4583: output
00000000000001f8 S _some_variable
configure:4590: result: BSD nm
configure:4593: checking whether ln -s works
configure:4597: result: yes
configure:4605: checking the maximum length of command line arguments
configure:4725: result: 196608
configure:4742: checking whether the shell understands some XSI constructs
configure:4752: result: yes
configure:4756: checking whether the shell understands "+="
configure:4762: result: yes
configure:4797: checking for /Applications/Xcode.app/Contents/Developer/Toolchains/XcodeDefault.xctoolchain/usr/bin/ld option to reload object files
configure:4804: result: -r
configure:4873: checking for objdump
configure:4903: result: no
configure:4932: checking how to recognize dependent libraries
configure:5128: result: pass_all
configure:5188: checking for ar
configure:5204: found /usr/bin/ar
configure:5215: result: ar
configure:5293: checking for strip
configure:5309: found /usr/bin/strip
configure:5320: result: strip
configure:5392: checking for ranlib
configure:5408: found /usr/bin/ranlib
configure:5419: result: ranlib
configure:5509: checking command to parse /usr/bin/nm -B output from gcc object
configure:5627: gcc -c -g -O2  conftest.c >&5
configure:5630: $? = 0
configure:5634: /usr/bin/nm -B conftest.o \| sed -n -e 's/^.*[	 ]\([BCDEGRST][BCDEGRST]*\)[	 ][	 ]*\([_A-Za-z][_A-Za-z0-9]*\)$/\1 \2 \2/p' \> conftest.nm
configure:5637: $? = 0
cannot find nm_test_var in conftest.nm
configure:5627: gcc -c -g -O2  conftest.c >&5
configure:5630: $? = 0
configure:5634: /usr/bin/nm -B conftest.o \| sed -n -e 's/^.*[	 ]\([BCDEGRST][BCDEGRST]*\)[	 ][	 ]*_\([_A-Za-z][_A-Za-z0-9]*\)$/\1 _\2 \2/p' \> conftest.nm
configure:5637: $? = 0
configure:5691: gcc -o conftest -g -O2   conftest.c conftstm.o >&5
warning: (x86_64)  could not find object file symbol for symbol _main
configure:5694: $? = 0
configure:5732: result: ok
configure:5997: checking for dsymutil
configure:6013: found /usr/bin/dsymutil
configure:6024: result: dsymutil
configure:6089: checking for nmedit
configure:6105: found /usr/bin/nmedit
configure:6116: result: nmedit
configure:6181: checking for lipo
configure:6197: found /usr/bin/lipo
configure:6208: result: lipo
configure:6273: checking for otool
configure:6289: found /usr/bin/otool
configure:6300: result: otool
configure:6365: checking for otool64
configure:6395: result: no
configure:6440: checking for -single_module linker flag
gcc -g -O2  -o libconftest.dylib -dynamiclib -Wl,-single_module conftest.c
configure:6467: result: yes
configure:6469: checking for -exported_symbols_list linker flag
configure:6489: gcc -o conftest -g -O2   -Wl,-exported_symbols_list,conftest.sym conftest.c  >&5
configure:6489: $? = 0
configure:6499: result: yes
configure:6541: checking how to run the C preprocessor
configure:6572: gcc -E  conftest.c
configure:6572: $? = 0
configure:6586: gcc -E  conftest.c
conftest.c:11:10: fatal error: 'ac_nonexistent.h' file not found
#include <ac_nonexistent.h>
         ^
1 error generated.
configure:6586: $? = 1
configure: failed program was:
| /* confdefs.h */
| #define PACKAGE_NAME "libraw1394"
| #define PACKAGE_TARNAME "libraw1394"
| #define PACKAGE_VERSION "2.0.5"
| #define PACKAGE_STRING "libraw1394 2.0.5"
| #define PACKAGE_BUGREPORT ""
| #define PACKAGE_URL ""
| #define PACKAGE "libraw1394"
| #define VERSION "2.0.5"
| /* end confdefs.h.  */
| #include <ac_nonexistent.h>
configure:6611: result: gcc -E
configure:6631: gcc -E  conftest.c
configure:6631: $? = 0
configure:6645: gcc -E  conftest.c
conftest.c:11:10: fatal error: 'ac_nonexistent.h' file not found
#include <ac_nonexistent.h>
         ^
1 error generated.
configure:6645: $? = 1
configure: failed program was:
| /* confdefs.h */
| #define PACKAGE_NAME "libraw1394"
| #define PACKAGE_TARNAME "libraw1394"
| #define PACKAGE_VERSION "2.0.5"
| #define PACKAGE_STRING "libraw1394 2.0.5"
| #define PACKAGE_BUGREPORT ""
| #define PACKAGE_URL ""
| #define PACKAGE "libraw1394"
| #define VERSION "2.0.5"
| /* end confdefs.h.  */
| #include <ac_nonexistent.h>
configure:6674: checking for ANSI C header files
configure:6694: gcc -c -g -O2  conftest.c >&5
configure:6694: $? = 0
configure:6767: gcc -o conftest -g -O2   conftest.c  >&5
configure:6767: $? = 0
configure:6767: ./conftest
configure:6767: $? = 0
configure:6778: result: yes
configure:6791: checking for sys/types.h
configure:6791: gcc -c -g -O2  conftest.c >&5
configure:6791: $? = 0
configure:6791: result: yes
configure:6791: checking for sys/stat.h
configure:6791: gcc -c -g -O2  conftest.c >&5
configure:6791: $? = 0
configure:6791: result: yes
configure:6791: checking for stdlib.h
configure:6791: gcc -c -g -O2  conftest.c >&5
configure:6791: $? = 0
configure:6791: result: yes
configure:6791: checking for string.h
configure:6791: gcc -c -g -O2  conftest.c >&5
configure:6791: $? = 0
configure:6791: result: yes
configure:6791: checking for memory.h
configure:6791: gcc -c -g -O2  conftest.c >&5
configure:6791: $? = 0
configure:6791: result: yes
configure:6791: checking for strings.h
configure:6791: gcc -c -g -O2  conftest.c >&5
configure:6791: $? = 0
configure:6791: result: yes
configure:6791: checking for inttypes.h
configure:6791: gcc -c -g -O2  conftest.c >&5
configure:6791: $? = 0
configure:6791: result: yes
configure:6791: checking for stdint.h
configure:6791: gcc -c -g -O2  conftest.c >&5
configure:6791: $? = 0
configure:6791: result: yes
configure:6791: checking for unistd.h
configure:6791: gcc -c -g -O2  conftest.c >&5
configure:6791: $? = 0
configure:6791: result: yes
configure:6806: checking for dlfcn.h
configure:6806: gcc -c -g -O2  conftest.c >&5
configure:6806: $? = 0
configure:6806: result: yes
configure:6990: checking for objdir
configure:7005: result: .libs
configure:7297: checking if gcc supports -fno-rtti -fno-exceptions
configure:7315: gcc -c -g -O2  -fno-rtti -fno-exceptions conftest.c >&5
configure:7319: $? = 0
configure:7332: result: yes
configure:7352: checking for gcc option to produce PIC
configure:7624: result: -fno-common -DPIC
configure:7636: checking if gcc PIC flag -fno-common -DPIC works
configure:7654: gcc -c -g -O2  -fno-common -DPIC -DPIC conftest.c >&5
configure:7658: $? = 0
configure:7671: result: yes
configure:7695: checking if gcc static flag -static works
configure:7723: result: no
configure:7738: checking if gcc supports -c -o file.o
configure:7759: gcc -c -g -O2  -o out/conftest2.o conftest.c >&5
configure:7763: $? = 0
configure:7785: result: yes
configure:7793: checking if gcc supports -c -o file.o
configure:7840: result: yes
configure:7873: checking whether the gcc linker (/Applications/Xcode.app/Contents/Developer/Toolchains/XcodeDefault.xctoolchain/usr/bin/ld) supports shared libraries
configure:8859: result: yes
configure:9098: checking dynamic linker characteristics
configure:9749: result: darwin15.6.0 dyld
configure:9851: checking how to hardcode library paths into programs
configure:9876: result: immediate
configure:10396: checking whether stripping libraries is possible
configure:10410: result: yes
configure:10436: checking if libtool supports shared libraries
configure:10438: result: yes
configure:10441: checking whether to build shared libraries
configure:10462: result: yes
configure:10465: checking whether to build static libraries
configure:10469: result: yes
configure:10510: checking size of void *
configure:10515: gcc -o conftest -g -O2   conftest.c  >&5
configure:10515: $? = 0
configure:10515: ./conftest
configure:10515: $? = 0
configure:10530: result: 8
configure:10540: checking for an ANSI C-conforming const
configure:10605: gcc -c -g -O2  conftest.c >&5
configure:10605: $? = 0
configure:10612: result: yes
configure:10620: checking whether byte ordering is bigendian
configure:10635: gcc -c -g -O2  conftest.c >&5
configure:10635: $? = 0
configure:10680: gcc -c -g -O2  conftest.c >&5
configure:10680: $? = 0
configure:10698: gcc -c -g -O2  conftest.c >&5
conftest.c:31:4: error: use of undeclared identifier 'not'
                 not big endian
                 ^
1 error generated.
configure:10698: $? = 1
configure: failed program was:
| /* confdefs.h */
| #define PACKAGE_NAME "libraw1394"
| #define PACKAGE_TARNAME "libraw1394"
| #define PACKAGE_VERSION "2.0.5"
| #define PACKAGE_STRING "libraw1394 2.0.5"
| #define PACKAGE_BUGREPORT ""
| #define PACKAGE_URL ""
| #define PACKAGE "libraw1394"
| #define VERSION "2.0.5"
| #define STDC_HEADERS 1
| #define HAVE_SYS_TYPES_H 1
| #define HAVE_SYS_STAT_H 1
| #define HAVE_STDLIB_H 1
| #define HAVE_STRING_H 1
| #define HAVE_MEMORY_H 1
| #define HAVE_STRINGS_H 1
| #define HAVE_INTTYPES_H 1
| #define HAVE_STDINT_H 1
| #define HAVE_UNISTD_H 1
| #define HAVE_DLFCN_H 1
| #define LT_OBJDIR ".libs/"
| #define SIZEOF_VOID_P 8
| /* end confdefs.h.  */
| #include <sys/types.h>
| 		#include <sys/param.h>
| 
| int
| main ()
| {
| #if BYTE_ORDER != BIG_ENDIAN
| 		 not big endian
| 		#endif
| 
|   ;
|   return 0;
| }
configure:10826: result: no
configure:11040: creating ./config.status

## ---------------------- ##
## Running config.status. ##
## ---------------------- ##

This file was extended by libraw1394 config.status 2.0.5, which was
generated by GNU Autoconf 2.64.  Invocation command line was

  CONFIG_FILES    = 
  CONFIG_HEADERS  = 
  CONFIG_LINKS    = 
  CONFIG_COMMANDS = 
  $ ./config.status 

on FelixScllersMBP.fritz.box

config.status:1071: creating Makefile
config.status:1071: creating libraw1394.pc
config.status:1071: creating libraw1394.spec
config.status:1071: creating src/Makefile
config.status:1071: creating tools/Makefile
config.status:1071: creating doc/Makefile
config.status:1071: creating doc/testlibraw.1
config.status:1071: creating doc/sendiso.1
config.status:1071: creating doc/dumpiso.1
config.status:1071: creating doc/isodump.5
config.status:1071: creating config.h
config.status:1243: config.h is unchanged
config.status:1291: executing depfiles commands
config.status:1291: executing libtool commands

## ---------------- ##
## Cache variables. ##
## ---------------- ##

ac_cv_build=i386-apple-darwin15.6.0
ac_cv_c_bigendian=no
ac_cv_c_compiler_gnu=yes
ac_cv_c_const=yes
ac_cv_env_CC_set=
ac_cv_env_CC_value=
ac_cv_env_CFLAGS_set=
ac_cv_env_CFLAGS_value=
ac_cv_env_CPPFLAGS_set=
ac_cv_env_CPPFLAGS_value=
ac_cv_env_CPP_set=
ac_cv_env_CPP_value=
ac_cv_env_LDFLAGS_set=
ac_cv_env_LDFLAGS_value=
ac_cv_env_LIBS_set=
ac_cv_env_LIBS_value=
ac_cv_env_build_alias_set=
ac_cv_env_build_alias_value=
ac_cv_env_host_alias_set=
ac_cv_env_host_alias_value=
ac_cv_env_target_alias_set=
ac_cv_env_target_alias_value=
ac_cv_header_dlfcn_h=yes
ac_cv_header_inttypes_h=yes
ac_cv_header_memory_h=yes
ac_cv_header_stdc=yes
ac_cv_header_stdint_h=yes
ac_cv_header_stdlib_h=yes
ac_cv_header_string_h=yes
ac_cv_header_strings_h=yes
ac_cv_header_sys_stat_h=yes
ac_cv_header_sys_types_h=yes
ac_cv_header_unistd_h=yes
ac_cv_host=i386-apple-darwin15.6.0
ac_cv_objext=o
ac_cv_path_EGREP='/usr/bin/grep -E'
ac_cv_path_FGREP='/usr/bin/grep -F'
ac_cv_path_GREP=/usr/bin/grep
ac_cv_path_SED=/usr/bin/sed
ac_cv_path_install='/usr/local/bin/ginstall -c'
ac_cv_path_mkdir=/usr/local/bin/gmkdir
ac_cv_prog_AWK=awk
ac_cv_prog_CPP='gcc -E'
ac_cv_prog_ac_ct_AR=ar
ac_cv_prog_ac_ct_CC=gcc
ac_cv_prog_ac_ct_DSYMUTIL=dsymutil
ac_cv_prog_ac_ct_LIPO=lipo
ac_cv_prog_ac_ct_NMEDIT=nmedit
ac_cv_prog_ac_ct_OTOOL=otool
ac_cv_prog_ac_ct_RANLIB=ranlib
ac_cv_prog_ac_ct_STRIP=strip
ac_cv_prog_cc_c89=
ac_cv_prog_cc_g=yes
ac_cv_prog_make_make_set=yes
ac_cv_sizeof_void_p=8
am_cv_CC_dependencies_compiler_type=gcc3
lt_cv_apple_cc_single_mod=yes
lt_cv_deplibs_check_method=pass_all
lt_cv_file_magic_cmd='$MAGIC_CMD'
lt_cv_file_magic_test_file=
lt_cv_ld_exported_symbols_list=yes
lt_cv_ld_reload_flag=-r
lt_cv_nm_interface='BSD nm'
lt_cv_objdir=.libs
lt_cv_path_LD=/Applications/Xcode.app/Contents/Developer/Toolchains/XcodeDefault.xctoolchain/usr/bin/ld
lt_cv_path_NM='/usr/bin/nm -B'
lt_cv_prog_compiler_c_o=yes
lt_cv_prog_compiler_pic_works=yes
lt_cv_prog_compiler_rtti_exceptions=yes
lt_cv_prog_compiler_static_works=no
lt_cv_prog_gnu_ld=no
lt_cv_sys_global_symbol_pipe='sed -n -e '\''s/^.*[	 ]\([BCDEGRST][BCDEGRST]*\)[	 ][	 ]*_\([_A-Za-z][_A-Za-z0-9]*\)$/\1 _\2 \2/p'\'''
lt_cv_sys_global_symbol_to_c_name_address='sed -n -e '\''s/^: \([^ ]*\) $/  {\"\1\", (void *) 0},/p'\'' -e '\''s/^[BCDEGRST]* \([^ ]*\) \([^ ]*\)$/  {"\2", (void *) \&\2},/p'\'''
lt_cv_sys_global_symbol_to_c_name_address_lib_prefix='sed -n -e '\''s/^: \([^ ]*\) $/  {\"\1\", (void *) 0},/p'\'' -e '\''s/^[BCDEGRST]* \([^ ]*\) \(lib[^ ]*\)$/  {"\2", (void *) \&\2},/p'\'' -e '\''s/^[BCDEGRST]* \([^ ]*\) \([^ ]*\)$/  {"lib\2", (void *) \&\2},/p'\'''
lt_cv_sys_global_symbol_to_cdecl='sed -n -e '\''s/^T .* \(.*\)$/extern int \1();/p'\'' -e '\''s/^[BCDEGRST]* .* \(.*\)$/extern char \1;/p'\'''
lt_cv_sys_max_cmd_len=196608

## ----------------- ##
## Output variables. ##
## ----------------- ##

ACLOCAL='${SHELL} /Users/felixschaller/git/libraw1394-2.0.5/missing --run aclocal-1.10'
AMDEPBACKSLASH='\'
AMDEP_FALSE='#'
AMDEP_TRUE=''
AMTAR='${SHELL} /Users/felixschaller/git/libraw1394-2.0.5/missing --run tar'
AR='ar'
AUTOCONF='${SHELL} /Users/felixschaller/git/libraw1394-2.0.5/missing --run autoconf'
AUTOHEADER='${SHELL} /Users/felixschaller/git/libraw1394-2.0.5/missing --run autoheader'
AUTOMAKE='${SHELL} /Users/felixschaller/git/libraw1394-2.0.5/missing --run automake-1.10'
AWK='awk'
CC='gcc'
CCDEPMODE='depmode=gcc3'
CFLAGS='-g -O2'
CPP='gcc -E'
CPPFLAGS=''
CYGPATH_W='echo'
DEFS='-DHAVE_CONFIG_H'
DEPDIR='.deps'
DSYMUTIL='dsymutil'
DUMPBIN=''
ECHO_C=''
ECHO_N='-n'
ECHO_T=''
EGREP='/usr/bin/grep -E'
EXEEXT=''
FGREP='/usr/bin/grep -F'
FW_DIR=''
GREP='/usr/bin/grep'
INSTALL_DATA='${INSTALL} -m 644'
INSTALL_PROGRAM='${INSTALL}'
INSTALL_SCRIPT='${INSTALL}'
INSTALL_STRIP_PROGRAM='$(install_sh) -c -s'
LD='/Applications/Xcode.app/Contents/Developer/Toolchains/XcodeDefault.xctoolchain/usr/bin/ld'
LDFLAGS=''
LIBOBJS=''
LIBS=''
LIBTOOL='$(SHELL) $(top_builddir)/libtool'
LIPO='lipo'
LN_S='ln -s'
LTLIBOBJS=''
MAKEINFO='${SHELL} /Users/felixschaller/git/libraw1394-2.0.5/missing --run makeinfo'
MKDIR_P='/usr/local/bin/gmkdir -p'
NM='/usr/bin/nm -B'
NMEDIT='nmedit'
OBJDUMP='false'
OBJEXT='o'
OTOOL64=':'
OTOOL='otool'
PACKAGE='libraw1394'
PACKAGE_BUGREPORT=''
PACKAGE_NAME='libraw1394'
PACKAGE_STRING='libraw1394 2.0.5'
PACKAGE_TARNAME='libraw1394'
PACKAGE_URL=''
PACKAGE_VERSION='2.0.5'
PATH_SEPARATOR=':'
RANLIB='ranlib'
SED='/usr/bin/sed'
SET_MAKE=''
SHELL='/bin/sh'
STRIP='strip'
VERSION='2.0.5'
WITH_FW_DIR_FALSE=''
WITH_FW_DIR_TRUE='#'
ac_ct_CC='gcc'
ac_ct_DUMPBIN=''
am__fastdepCC_FALSE='#'
am__fastdepCC_TRUE=''
am__include='include'
am__isrc=''
am__leading_dot='.'
am__quote=''
am__tar='${AMTAR} chof - "$$tardir"'
am__untar='${AMTAR} xf -'
bindir='${exec_prefix}/bin'
build='i386-apple-darwin15.6.0'
build_alias=''
build_cpu='i386'
build_os='darwin15.6.0'
build_vendor='apple'
datadir='${datarootdir}'
datarootdir='${prefix}/share'
docdir='${datarootdir}/doc/${PACKAGE_TARNAME}'
dvidir='${docdir}'
exec_prefix='${prefix}'
host='i386-apple-darwin15.6.0'
host_alias=''
host_cpu='i386'
host_os='darwin15.6.0'
host_vendor='apple'
htmldir='${docdir}'
includedir='${prefix}/include'
infodir='${datarootdir}/info'
install_sh='$(SHELL) /Users/felixschaller/git/libraw1394-2.0.5/install-sh'
libdir='${exec_prefix}/lib'
libexecdir='${exec_prefix}/libexec'
localedir='${datarootdir}/locale'
localstatedir='${prefix}/var'
lt_ECHO='echo'
lt_age='0'
lt_major='11'
lt_revision='1'
mandir='${datarootdir}/man'
mkdir_p='/usr/local/bin/gmkdir -p'
oldincludedir='/usr/include'
pdfdir='${docdir}'
prefix='/usr/local'
program_transform_name='s,x,x,'
psdir='${docdir}'
sbindir='${exec_prefix}/sbin'
sharedstatedir='${prefix}/com'
sysconfdir='${prefix}/etc'
target_alias=''

## ----------- ##
## confdefs.h. ##
## ----------- ##

/* confdefs.h */
#define PACKAGE_NAME "libraw1394"
#define PACKAGE_TARNAME "libraw1394"
#define PACKAGE_VERSION "2.0.5"
#define PACKAGE_STRING "libraw1394 2.0.5"
#define PACKAGE_BUGREPORT ""
#define PACKAGE_URL ""
#define PACKAGE "libraw1394"
#define VERSION "2.0.5"
#define STDC_HEADERS 1
#define HAVE_SYS_TYPES_H 1
#define HAVE_SYS_STAT_H 1
#define HAVE_STDLIB_H 1
#define HAVE_STRING_H 1
#define HAVE_MEMORY_H 1
#define HAVE_STRINGS_H 1
#define HAVE_INTTYPES_H 1
#define HAVE_STDINT_H 1
#define HAVE_UNISTD_H 1
#define HAVE_DLFCN_H 1
#define LT_OBJDIR ".libs/"
#define SIZEOF_VOID_P 8
#define FW_DEVICE_PREFIX "fw"
#define FW_DEVICE_DIR "/dev"

configure: exit 0

## ---------------------- ##
## Running config.status. ##
## ---------------------- ##

This file was extended by libraw1394 config.status 2.0.5, which was
generated by GNU Autoconf 2.64.  Invocation command line was

  CONFIG_FILES    = 
  CONFIG_HEADERS  = 
  CONFIG_LINKS    = 
  CONFIG_COMMANDS = 
  $ ./config.status src/Makefile depfiles

on FelixScllersMBP.fritz.box

config.status:1071: creating src/Makefile
config.status:1291: executing depfiles commands

## ---------------------- ##
## Running config.status. ##
## ---------------------- ##

This file was extended by libraw1394 config.status 2.0.5, which was
generated by GNU Autoconf 2.64.  Invocation command line was

  CONFIG_FILES    = 
  CONFIG_HEADERS  = 
  CONFIG_LINKS    = 
  CONFIG_COMMANDS = 
  $ ./config.status Makefile

on FelixScllersMBP.fritz.box

config.status:1071: creating Makefile

## ---------------------- ##
## Running config.status. ##
## ---------------------- ##

This file was extended by libraw1394 config.status 2.0.5, which was
generated by GNU Autoconf 2.64.  Invocation command line was

  CONFIG_FILES    = 
  CONFIG_HEADERS  = 
  CONFIG_LINKS    = 
  CONFIG_COMMANDS = 
  $ ./config.status src/Makefile depfiles

on FelixScllersMBP.fritz.box

config.status:1071: creating src/Makefile
config.status:1291: executing depfiles commands

## ---------------------- ##
## Running config.status. ##
## ---------------------- ##

This file was extended by libraw1394 config.status 2.0.5, which was
generated by GNU Autoconf 2.64.  Invocation command line was

  CONFIG_FILES    = 
  CONFIG_HEADERS  = 
  CONFIG_LINKS    = 
  CONFIG_COMMANDS = 
  $ ./config.status src/Makefile depfiles

on FelixScllersMBP.fritz.box

config.status:1071: creating src/Makefile
config.status:1291: executing depfiles commands
